# JRE version: Java(TM) SE Runtime Environment (12.0.1+12) (build 12.0.1+12)
# Java VM: Java HotSpot(TM) 64-Bit Server VM (12.0.1+12, mixed mode, sharing, tiered, compressed oops, g1 gc, windows-amd64)
Heap:
 garbage-first heap   total 1180672K, used 16047K [0x0000000081c00000, 0x0000000100000000)
  region size 1024K, 1 young (1024K), 1 survivors (1024K)
 Metaspace       used 12508K, capacity 12889K, committed 13056K, reserved 1060864K
  class space    used 1554K, capacity 1708K, committed 1792K, reserved 1048576K
GC Heap History (10 events):
Event: 2508.598 GC heap before
{Heap before GC invocations=2181 (full 0):
 garbage-first heap   total 131072K, used 93377K [0x0000000081c00000, 0x0000000100000000)
  region size 1024K, 76 young (77824K), 1 survivors (1024K)
 Metaspace       used 12508K, capacity 12889K, committed 13056K, reserved 1060864K
  class space    used 1554K, capacity 1708K, committed 1792K, reserved 1048576K
}
Event: 2508.600 GC heap after
{Heap after GC invocations=2182 (full 0):
 garbage-first heap   total 131072K, used 16626K [0x0000000081c00000, 0x0000000100000000)
  region size 1024K, 1 young (1024K), 1 survivors (1024K)
 Metaspace       used 12508K, capacity 12889K, committed 13056K, reserved 1060864K
  class space    used 1554K, capacity 1708K, committed 1792K, reserved 1048576K
}
Event: 2509.674 GC heap before
{Heap before GC invocations=2182 (full 0):
 garbage-first heap   total 131072K, used 93426K [0x0000000081c00000, 0x0000000100000000)
  region size 1024K, 76 young (77824K), 1 survivors (1024K)
 Metaspace       used 12508K, capacity 12889K, committed 13056K, reserved 1060864K
  class space    used 1554K, capacity 1708K, committed 1792K, reserved 1048576K
}
Event: 2509.676 GC heap after
{Heap after GC invocations=2183 (full 0):
 garbage-first heap   total 131072K, used 16703K [0x0000000081c00000, 0x0000000100000000)
  region size 1024K, 1 young (1024K), 1 survivors (1024K)
 Metaspace       used 12508K, capacity 12889K, committed 13056K, reserved 1060864K
  class space    used 1554K, capacity 1708K, committed 1792K, reserved 1048576K
}
Event: 2510.739 GC heap before
{Heap before GC invocations=2183 (full 0):
 garbage-first heap   total 131072K, used 93503K [0x0000000081c00000, 0x0000000100000000)
  region size 1024K, 76 young (77824K), 1 survivors (1024K)
 Metaspace       used 12508K, capacity 12889K, committed 13056K, reserved 1060864K
  class space    used 1554K, capacity 1708K, committed 1792K, reserved 1048576K
}
Event: 2510.741 GC heap after
{Heap after GC invocations=2184 (full 0):
 garbage-first heap   total 131072K, used 16726K [0x0000000081c00000, 0x0000000100000000)
  region size 1024K, 2 young (2048K), 2 survivors (2048K)
 Metaspace       used 12508K, capacity 12889K, committed 13056K, reserved 1060864K
  class space    used 1554K, capacity 1708K, committed 1792K, reserved 1048576K
}
Event: 2511.871 GC heap before
{Heap before GC invocations=2184 (full 0):
 garbage-first heap   total 131072K, used 92502K [0x0000000081c00000, 0x0000000100000000)
  region size 1024K, 76 young (77824K), 2 survivors (2048K)
 Metaspace       used 12508K, capacity 12889K, committed 13056K, reserved 1060864K
  class space    used 1554K, capacity 1708K, committed 1792K, reserved 1048576K
}
Event: 2511.874 GC heap after
{Heap after GC invocations=2185 (full 0):
 garbage-first heap   total 131072K, used 16775K [0x0000000081c00000, 0x0000000100000000)
  region size 1024K, 2 young (2048K), 2 survivors (2048K)
 Metaspace       used 12508K, capacity 12889K, committed 13056K, reserved 1060864K
  class space    used 1554K, capacity 1708K, committed 1792K, reserved 1048576K
}
Event: 2512.182 GC heap before
{Heap before GC invocations=2185 (full 0):
 garbage-first heap   total 131072K, used 38279K [0x0000000081c00000, 0x0000000100000000)
  region size 1024K, 24 young (24576K), 2 survivors (2048K)
 Metaspace       used 12508K, capacity 12889K, committed 13056K, reserved 1060864K
  class space    used 1554K, capacity 1708K, committed 1792K, reserved 1048576K
}
Event: 2512.186 GC heap after
{Heap after GC invocations=2186 (full 0):
 garbage-first heap   total 131072K, used 16047K [0x0000000081c00000, 0x0000000100000000)
  region size 1024K, 1 young (1024K), 1 survivors (1024K)
 Metaspace       used 12508K, capacity 12889K, committed 13056K, reserved 1060864K
  class space    used 1554K, capacity 1708K, committed 1792K, reserved 1048576K
}

